<?xml version="1.0" encoding="UTF-8"?>
<!-- Generated by org.testng.reporters.JUnitReportReporter -->
<testsuite hostname="DESKTOP-ETFFGND" failures="0" tests="1" name="newpractice.first" time="0.014" errors="0" timestamp="2024-06-10T11:29:24 IST" skipped="0">
  <testcase classname="newpractice.first" name="tes" time="0.014"/>
  <system-out/>
</testsuite> <!-- newpractice.first -->
