<?xml version="1.0" encoding="UTF-8"?>
<!-- Generated by org.testng.reporters.JUnitReportReporter -->
<testsuite hostname="DESKTOP-ETFFGND" failures="0" tests="1" name="newpractice.Launch" time="14.397" errors="0" timestamp="2024-06-06T23:38:05 IST" skipped="0">
  <testcase classname="newpractice.Launch" name="duplicate" time="14.397"/>
  <system-out/>
</testsuite> <!-- newpractice.Launch -->
