<?xml version="1.0" encoding="UTF-8"?>
<!-- Generated by org.testng.reporters.JUnitReportReporter -->
<testsuite hostname="DESKTOP-ETFFGND" failures="0" tests="1" name="newpractice.RRR" time="5.348" errors="0" timestamp="2024-05-14T13:37:16 IST" skipped="0">
  <testcase classname="newpractice.RRR" name="launch" time="5.348"/>
  <system-out/>
</testsuite> <!-- newpractice.RRR -->
