<?xml version="1.0" encoding="UTF-8"?>
<!-- Generated by org.testng.reporters.JUnitReportReporter -->
<testsuite hostname="DESKTOP-ETFFGND" failures="0" tests="2" name="newpractice.PPPP" time="0.017" errors="0" timestamp="2023-09-12T20:26:47 IST" skipped="0">
  <testcase classname="newpractice.PPPP" name="logintest" time="0.013"/>
  <system-out/>
  <testcase classname="newpractice.PPPP" name="logintest" time="0.004"/>
  <system-out/>
</testsuite> <!-- newpractice.PPPP -->
