<?xml version="1.0" encoding="UTF-8"?>
<!-- Generated by org.testng.reporters.JUnitReportReporter -->
<testsuite hostname="DESKTOP-MFHGSSK" failures="0" tests="2" name="Mavenprojecttesting.testing1.Alaska" time="0.046" errors="0" timestamp="2023-08-24T09:01:48 IST" skipped="0">
  <testcase classname="Mavenprojecttesting.testing1.Alaska" name="loginTest" time="0.041"/>
  <system-out/>
  <testcase classname="Mavenprojecttesting.testing1.Alaska" name="loginTest" time="0.005"/>
  <system-out/>
</testsuite> <!-- Mavenprojecttesting.testing1.Alaska -->
